
=== Sat Dec  2 09:46:05 2023

Packages were changed.
Update Mode: updateDependencies

The following packages were updated:
  com.unity.collab-proxy from version 1.17.2 to 2.2.0
  com.unity.ide.rider from version 3.0.15 to 3.0.25
  com.unity.ide.visualstudio from version 2.0.16 to 2.0.21
  com.unity.test-framework from version 1.1.31 to 1.1.33
  com.unity.timeline from version 1.6.4 to 1.6.5
  com.unity.visualscripting from version 1.7.8 to 1.9.1

=== Mon Dec 11 19:03:13 2023

Packages were changed.
Update Mode: updateDependencies

The following packages were updated:
  com.unity.collab-proxy from version 1.17.2 to 2.2.0
  com.unity.ide.rider from version 3.0.15 to 3.0.25
  com.unity.ide.visualstudio from version 2.0.16 to 2.0.21
  com.unity.test-framework from version 1.1.31 to 1.1.33
  com.unity.timeline from version 1.6.4 to 1.6.5
  com.unity.visualscripting from version 1.7.8 to 1.9.1

=== Tue Dec 12 14:15:09 2023

Packages were changed.
Update Mode: updateDependencies

The following packages were updated:
  com.unity.collab-proxy from version 1.17.2 to 2.2.0
  com.unity.ide.rider from version 3.0.15 to 3.0.25
  com.unity.ide.visualstudio from version 2.0.16 to 2.0.21
  com.unity.test-framework from version 1.1.31 to 1.1.33
  com.unity.timeline from version 1.6.4 to 1.6.5
  com.unity.visualscripting from version 1.7.8 to 1.9.1

=== Tue Jan 16 14:17:48 2024

Packages were changed.
Update Mode: mergeDefaultDependencies

The following packages were added:
  com.unity.animation.rigging@1.1.1

=== Tue Mar 19 22:52:25 2024

Packages were changed.
Update Mode: updateDependencies

The following packages were updated:
  com.unity.collab-proxy from version 1.13.5 to 2.2.0
  com.unity.ide.rider from version 3.0.7 to 3.0.25
  com.unity.ide.visualstudio from version 2.0.11 to 2.0.21
  com.unity.ide.vscode from version 1.2.4 to 1.2.5
  com.unity.render-pipelines.high-definition from version 12.1.0 to 12.1.13
  com.unity.render-pipelines.universal from version 12.1.0 to 12.1.13
  com.unity.shadergraph from version 12.1.0 to 12.1.13
  com.unity.test-framework from version 1.1.29 to 1.1.33
  com.unity.timeline from version 1.6.2 to 1.6.5
  com.unity.visualscripting from version 1.7.2 to 1.9.1

=== Tue Mar 19 22:52:25 2024

Packages were changed.
Update Mode: mergeDefaultDependencies

The following packages were added:
  com.unity.render-pipelines.high-definition@12.1.13
  com.unity.render-pipelines.universal@12.1.13
  com.unity.shadergraph@12.1.13
The following packages were updated:
  com.unity.collab-proxy from version 1.17.2 to 2.2.0
  com.unity.ide.rider from version 3.0.15 to 3.0.25
  com.unity.ide.visualstudio from version 2.0.16 to 2.0.21
  com.unity.test-framework from version 1.1.31 to 1.1.33
  com.unity.timeline from version 1.6.4 to 1.6.5
  com.unity.visualscripting from version 1.7.8 to 1.9.1
